2022-12-30 13:35:54,400 - DEBUG - main_debug_logger - Start Program
2022-12-30 13:36:27,343 - DEBUG - main_debug_logger - Start Program
2022-12-30 13:36:47,330 - DEBUG - main_debug_logger - Start Program
2022-12-30 13:36:53,117 - DEBUG - main_debug_logger - Start Program
2022-12-30 13:37:02,108 - DEBUG - main_debug_logger - Start Program
DEBUG    2022-12-30 13:39:57,710 main_debug_logger Start Program
2022-12-30 13:41:02,546 - DEBUG    - main_debug_logger - Start Program
2022-12-30 13:41:53,166 - DEBUG    - main_debug_logger - Start Program
2022-12-30 13:41:57,884 - DEBUG    - task_debug_logger - Start Unit_6_Task(NumU6)
2022-12-30 13:43:15,090 - DEBUG - main_debug_logger - Start Program
2022-12-30 13:43:20,042 - DEBUG - task_debug_logger - Start Unit_6_Task(NumU6)
2022-12-30 13:43:48,693 - DEBUG - main_debug_logger - Start Program
2022-12-30 13:43:52,986 - DEBUG - task_debug_logger - Start Unit_6_Task(NumU6)
2022-12-30 13:52:01,216 - DEBUG - main_debug_logger - Start Program
2022-12-30 13:52:06,624 - DEBUG - task_debug_logger - Start Unit_6_Task(NumU6)
2022-12-30 13:52:06,624 - DEBUG - task_debug_logger - None
2022-12-30 13:52:11,291 - DEBUG - task_debug_logger - Start Unit_6_Task(NumU6)
2022-12-30 13:52:12,775 - DEBUG - task_debug_logger - None
2022-12-30 13:52:57,153 - DEBUG - main_debug_logger - Start Program
2022-12-30 13:53:00,277 - DEBUG - task_debug_logger - Start Unit_6_Task(NumU6)
2022-12-30 13:53:00,278 - DEBUG - task_debug_logger - Выберите номер из предложенного списка от 1 до 2! 
2022-12-30 14:16:29,295 - DEBUG - main_debug_logger - Start Program
2022-12-30 14:16:37,785 - DEBUG - task_debug_logger - Start Unit_1_Task(NumU1)
2022-12-30 14:16:37,785 - DEBUG - task_debug_logger - Выбран Юнит 1, задание 1
2022-12-30 14:16:45,935 - DEBUG - task_debug_logger - Start Unit_3_Task(NumU3)
2022-12-30 14:16:45,935 - DEBUG - task_debug_logger - Выбран Юнит 3, задание 2
2022-12-30 14:16:56,943 - DEBUG - main_debug_logger - Start Program
2022-12-30 14:17:04,130 - DEBUG - task_debug_logger - Start Unit_5_Task(NumU5)
2022-12-30 14:17:04,130 - DEBUG - task_debug_logger - Выбран Юнит 5, задание 4
2022-12-30 14:17:50,018 - DEBUG - task_debug_logger - Start Unit_6_Task(NumU6)
2022-12-30 14:17:50,018 - DEBUG - task_debug_logger - Выбран номер не из списка от 1 до 2
2022-12-30 14:17:57,037 - DEBUG - task_debug_logger - Start Unit_3_Task(NumU3)
2022-12-30 14:17:57,037 - DEBUG - task_debug_logger - Выбран номер не из списка от 1 до 4
2022-12-30 14:18:02,567 - DEBUG - task_debug_logger - Start Unit_6_Task(NumU6)
2022-12-30 14:18:02,568 - DEBUG - task_debug_logger - Выбран Юнит 6, задание 2
2023-01-14 18:21:29,431 - DEBUG - main_debug_logger - Start Program
2023-01-14 18:21:43,537 - DEBUG - task_debug_logger - Start Unit_6_Task(NumU6)
2023-01-14 18:21:43,538 - DEBUG - task_debug_logger - Выбран Юнит 6, задание 1
2023-01-14 18:24:07,060 - DEBUG - main_debug_logger - Start Program
2023-01-14 18:24:18,522 - DEBUG - task_debug_logger - Start Unit_6_Task(NumU6)
2023-01-14 18:24:18,522 - DEBUG - task_debug_logger - Выбран Юнит 6, задание 1
2023-01-14 18:25:09,181 - DEBUG - main_debug_logger - Start Program
2023-01-14 18:25:15,040 - DEBUG - task_debug_logger - Start Unit_6_Task(NumU6)
2023-01-14 18:25:15,040 - DEBUG - task_debug_logger - Выбран Юнит 6, задание 1
2023-01-14 18:26:20,599 - DEBUG - main_debug_logger - Start Program
2023-01-14 18:26:28,173 - DEBUG - task_debug_logger - Start Unit_6_Task(NumU6)
2023-01-14 18:26:28,173 - DEBUG - task_debug_logger - Выбран Юнит 6, задание 1
2023-01-14 18:29:30,797 - DEBUG - main_debug_logger - Start Program
2023-01-14 18:29:34,221 - DEBUG - task_debug_logger - Start Unit_6_Task(NumU6)
2023-01-14 18:29:34,221 - DEBUG - task_debug_logger - Выбран Юнит 6, задание 1
2023-01-14 18:30:01,591 - DEBUG - main_debug_logger - Start Program
2023-01-14 18:30:04,539 - DEBUG - task_debug_logger - Start Unit_6_Task(NumU6)
2023-01-14 18:30:04,540 - DEBUG - task_debug_logger - Выбран Юнит 6, задание 1
2023-01-23 17:05:29,028 - DEBUG - main_debug_logger - Start Program
2023-01-23 17:05:41,993 - DEBUG - main_debug_logger - Start Program
2023-01-23 17:05:49,098 - DEBUG - task_debug_logger - Start Unit_12_Task(NumU12)
2023-01-23 17:05:49,098 - DEBUG - task_debug_logger - Выбран Юнит 12, задание 1
2023-03-24 19:19:33,307 - DEBUG - main_debug_logger - Start Program
2023-03-24 19:21:36,723 - DEBUG - main_debug_logger - Start Program
2023-03-24 19:22:14,673 - DEBUG - main_debug_logger - Start Program
2023-03-24 19:22:25,293 - DEBUG - task_debug_logger - Start oop_Unit_1_Task(oopNum1)
2023-03-24 19:22:25,293 - DEBUG - task_debug_logger - Выбрано Объектно-ориентированное программирование Юнит 7, задание 1
2023-03-24 19:28:50,019 - DEBUG - main_debug_logger - Start Program
2023-03-24 19:29:51,300 - DEBUG - main_debug_logger - Start Program
2023-03-24 19:30:26,005 - DEBUG - task_debug_logger - Start oop_Unit_1_Task(oopNum1)
2023-03-24 19:30:26,006 - DEBUG - task_debug_logger - Выбрано Объектно-ориентированное программирование Юнит 7, задание 1
2023-03-24 19:32:25,931 - DEBUG - main_debug_logger - Start Program
2023-03-24 19:40:05,777 - DEBUG - main_debug_logger - Start Program
2023-03-24 19:40:15,575 - DEBUG - task_debug_logger - Start oop_Unit_1_Task(oopNum1)
2023-03-24 19:40:15,575 - DEBUG - task_debug_logger - Выбрано Объектно-ориентированное программирование Юнит 7, задание 1
2023-03-24 19:41:20,888 - DEBUG - main_debug_logger - Start Program
2023-03-24 19:41:24,620 - DEBUG - task_debug_logger - Start oop_Unit_1_Task(oopNum1)
2023-03-24 19:41:24,621 - DEBUG - task_debug_logger - Выбрано Объектно-ориентированное программирование Юнит 7, задание 1
2023-03-24 19:41:46,252 - DEBUG - task_debug_logger - Start oop_Unit_1_Task(oopNum1)
2023-03-24 19:41:46,253 - DEBUG - task_debug_logger - Выбрано Объектно-ориентированное программирование Юнит 7, задание 1
2023-03-24 19:42:15,303 - DEBUG - task_debug_logger - Start oop_Unit_1_Task(oopNum1)
2023-03-24 19:42:15,304 - DEBUG - task_debug_logger - Выбран номер не из списка от 1 до 1
2023-03-24 20:10:26,009 - DEBUG - main_debug_logger - Start Program
2023-03-24 20:11:17,166 - DEBUG - task_debug_logger - Start oop_Unit_1_Task(oopNum1)
2023-03-24 20:11:17,167 - DEBUG - task_debug_logger - Выбрано Объектно-ориентированное программирование Юнит 7, задание 1
2023-03-24 20:12:39,188 - DEBUG - main_debug_logger - Start Program
2023-03-24 20:12:43,958 - DEBUG - main_debug_logger - Start Program
2023-03-24 20:12:48,455 - DEBUG - task_debug_logger - Start oop_Unit_1_Task(oopNum1)
2023-03-24 20:12:48,455 - DEBUG - task_debug_logger - Выбрано Объектно-ориентированное программирование Юнит 7, задание 1
2023-03-24 20:17:51,797 - DEBUG - main_debug_logger - Start Program
2023-03-24 20:18:00,284 - DEBUG - task_debug_logger - Start oop_Unit_1_Task(oopNum1)
2023-03-24 20:18:00,285 - DEBUG - task_debug_logger - Выбрано Объектно-ориентированное программирование Юнит 7, задание 1
